[debug] [2019-07-04T23:10:13.935Z] ----------------------------------------------------------------------
[debug] [2019-07-04T23:10:13.959Z] Command:       C:\Program Files\nodejs\node.exe C:\Users\Bhuvain\AppData\Roaming\npm\node_modules\firebase-tools\lib\bin\firebase.js deploy
[debug] [2019-07-04T23:10:13.960Z] CLI Version:   7.0.2
[debug] [2019-07-04T23:10:13.960Z] Platform:      win32
[debug] [2019-07-04T23:10:13.960Z] Node Version:  v12.2.0
[debug] [2019-07-04T23:10:14.021Z] Time:          Fri Jul 05 2019 04:40:13 GMT+0530 (India Standard Time)
[debug] [2019-07-04T23:10:14.021Z] ----------------------------------------------------------------------
[debug] 
[debug] [2019-07-04T23:10:14.148Z] > command requires scopes: ["email","openid","https://www.googleapis.com/auth/cloudplatformprojects.readonly","https://www.googleapis.com/auth/firebase","https://www.googleapis.com/auth/cloud-platform"]
[debug] [2019-07-04T23:10:14.151Z] > authorizing via signed-in user
[debug] [2019-07-04T23:10:14.152Z] [iam] checking project be-upto-1602b for permissions ["cloudfunctions.functions.create","cloudfunctions.functions.delete","cloudfunctions.functions.get","cloudfunctions.functions.list","cloudfunctions.functions.update","cloudfunctions.operations.get","firebase.projects.get","firebasehosting.sites.update"]
[debug] [2019-07-04T23:10:14.159Z] >>> HTTP REQUEST POST https://cloudresourcemanager.googleapis.com/v1/projects/be-upto-1602b:testIamPermissions  

[debug] [2019-07-04T23:10:15.370Z] <<< HTTP RESPONSE 200
[debug] [2019-07-04T23:10:15.374Z] >>> HTTP REQUEST GET https://firebase.googleapis.com/v1beta1/projects/be-upto-1602b  
 
[debug] [2019-07-04T23:10:15.700Z] <<< HTTP RESPONSE 200
[info] 
[info] === Deploying to 'be-upto-1602b'...
[info] 
[info] i  deploying functions, hosting
[debug] [2019-07-04T23:10:39.124Z] > [functions] package.json contents: {
  "name": "functions",
  "description": "Cloud Functions for Firebase",
  "scripts": {
    "serve": "firebase serve --only functions",
    "shell": "firebase functions:shell",
    "start": "npm run shell",
    "deploy": "firebase deploy --only functions",
    "logs": "firebase functions:log"
  },
  "engines": {
    "node": "8"
  },
  "dependencies": {
    "firebase-admin": "^8.0.0",
    "firebase-functions": "^3.0.0"
  },
  "devDependencies": {
    "firebase-functions-test": "^0.1.6"
  },
  "private": true
}
[info] i  functions: ensuring necessary APIs are enabled...
[debug] [2019-07-04T23:10:39.125Z] >>> HTTP REQUEST GET https://servicemanagement.googleapis.com/v1/services/cloudfunctions.googleapis.com/projectSettings/be-upto-1602b?view=CONSUMER_VIEW  
 
[debug] [2019-07-04T23:10:39.126Z] >>> HTTP REQUEST GET https://servicemanagement.googleapis.com/v1/services/runtimeconfig.googleapis.com/projectSettings/be-upto-1602b?view=CONSUMER_VIEW  
 
[debug] [2019-07-04T23:10:40.057Z] <<< HTTP RESPONSE 200
[info] +  functions: all necessary APIs are enabled
[debug] [2019-07-04T23:10:40.062Z] <<< HTTP RESPONSE 200
[debug] [2019-07-04T23:10:40.063Z] >>> HTTP REQUEST GET https://cloudresourcemanager.googleapis.com/v1/projects/be-upto-1602b  
 
[debug] [2019-07-04T23:10:40.329Z] <<< HTTP RESPONSE 200
[debug] [2019-07-04T23:10:40.330Z] >>> HTTP REQUEST GET https://mobilesdk-pa.googleapis.com/v1/projects/1062160695506:getServerAppConfig  
 
[debug] [2019-07-04T23:10:40.592Z] <<< HTTP RESPONSE 200
[debug] [2019-07-04T23:10:40.593Z] >>> HTTP REQUEST POST https://firebasehosting.googleapis.com/v1beta1/sites/be-upto-1602b/versions  

[debug] [2019-07-04T23:10:41.476Z] <<< HTTP RESPONSE 200
[info] i  functions: preparing functions directory for uploading...
[debug] [2019-07-04T23:10:41.485Z] >>> HTTP REQUEST GET https://runtimeconfig.googleapis.com/v1beta1/projects/be-upto-1602b/configs  
 
[debug] [2019-07-04T23:10:41.908Z] <<< HTTP RESPONSE 200
[info] i  hosting[be-upto-1602b]: beginning deploy...
[info] i  hosting[be-upto-1602b]: found 16 files in build
[debug] [2019-07-04T23:10:42.786Z] [hosting] hash cache [YnVpbGQ] not populated
[debug] [2019-07-04T23:10:43.593Z] [hosting] hash cache [YnVpbGQ] stored for 16 files
[debug] [2019-07-04T23:10:43.602Z] [hosting][hash queue][FINAL]
[debug] [2019-07-04T23:10:43.602Z] >>> HTTP REQUEST POST https://firebasehosting.googleapis.com/v1beta1/sites/be-upto-1602b/versions/6bf41de66d19b944:populateFiles  
 <request body omitted>
[debug] [2019-07-04T23:10:44.434Z] <<< HTTP RESPONSE 200
[debug] [2019-07-04T23:10:44.461Z] [hosting][populate queue][FINAL]
[debug] [2019-07-04T23:10:44.461Z] [hosting] uploads queued: 11
[debug] [2019-07-04T23:10:57.233Z] [hosting][upload queue][FINAL]
[info] +  hosting[be-upto-1602b]: file upload complete
[debug] [2019-07-04T23:10:57.236Z] [hosting] deploy completed after 14479ms
[debug] [2019-07-04T23:10:57.372Z] >>> HTTP REQUEST GET https://cloudfunctions.googleapis.com/v1/projects/be-upto-1602b/locations/-/functions  
 
[debug] [2019-07-04T23:10:57.979Z] <<< HTTP RESPONSE 200
[info] 
The following functions are found in your project but do not exist in your local source code:
	projectCreated(us-central1)
	userJoined(us-central1)

If you are renaming a function or changing its region, it is recommended that you create the new function first before deleting the old one to prevent event loss. For more info, visit https://firebase.google.com/docs/functions/manage-functions#modify

